2017-06-27 17:20:58,846 [Worker-6] INFO  o.e.m.c.i.e.AbstractTransferListenerAdapter - Downloading https://repo.maven.apache.org/maven2/org/apache/maven/plugins/maven-compiler-plugin/2.5.1/maven-compiler-plugin-2.5.1.jar
2017-06-27 17:20:59,350 [Worker-6] INFO  o.e.m.c.i.e.AbstractTransferListenerAdapter - Downloaded https://repo.maven.apache.org/maven2/org/apache/maven/plugins/maven-compiler-plugin/2.5.1/maven-compiler-plugin-2.5.1.jar
2017-06-27 17:20:59,708 [Worker-6] INFO  o.e.m.c.i.e.AbstractTransferListenerAdapter - Downloading https://repo.maven.apache.org/maven2/org/apache/maven/plugins/maven-surefire-plugin/2.12/maven-surefire-plugin-2.12.jar
2017-06-27 17:20:59,971 [Worker-6] INFO  o.e.m.c.i.e.AbstractTransferListenerAdapter - Downloaded https://repo.maven.apache.org/maven2/org/apache/maven/plugins/maven-surefire-plugin/2.12/maven-surefire-plugin-2.12.jar
2017-06-27 17:21:00,302 [Worker-6] INFO  o.e.m.c.i.e.AbstractTransferListenerAdapter - Downloading https://repo.maven.apache.org/maven2/org/apache/maven/plugins/maven-source-plugin/2.2/maven-source-plugin-2.2.jar
2017-06-27 17:21:00,575 [Worker-6] INFO  o.e.m.c.i.e.AbstractTransferListenerAdapter - Downloaded https://repo.maven.apache.org/maven2/org/apache/maven/plugins/maven-source-plugin/2.2/maven-source-plugin-2.2.jar
2017-06-27 17:21:00,979 [Worker-6] INFO  o.e.m.c.i.e.AbstractTransferListenerAdapter - Downloading https://repo.maven.apache.org/maven2/org/apache/maven/plugins/maven-dependency-plugin/2.5/maven-dependency-plugin-2.5.jar
2017-06-27 17:21:01,844 [Worker-6] INFO  o.e.m.c.i.e.AbstractTransferListenerAdapter - Downloaded https://repo.maven.apache.org/maven2/org/apache/maven/plugins/maven-dependency-plugin/2.5/maven-dependency-plugin-2.5.jar
2017-06-27 17:21:02,185 [Worker-6] INFO  o.e.m.c.i.e.AbstractTransferListenerAdapter - Downloading https://repo.maven.apache.org/maven2/org/apache/maven/plugins/maven-compiler-plugin/2.5.1/maven-compiler-plugin-2.5.1.pom
2017-06-27 17:21:02,449 [Worker-6] INFO  o.e.m.c.i.e.AbstractTransferListenerAdapter - Downloaded https://repo.maven.apache.org/maven2/org/apache/maven/plugins/maven-compiler-plugin/2.5.1/maven-compiler-plugin-2.5.1.pom
2017-06-27 17:21:03,057 [Worker-6] INFO  o.e.m.c.i.e.AbstractTransferListenerAdapter - Downloading https://repo.maven.apache.org/maven2/org/codehaus/plexus/plexus-compiler-api/1.9.1/plexus-compiler-api-1.9.1.pom
2017-06-27 17:21:03,318 [Worker-6] INFO  o.e.m.c.i.e.AbstractTransferListenerAdapter - Downloaded https://repo.maven.apache.org/maven2/org/codehaus/plexus/plexus-compiler-api/1.9.1/plexus-compiler-api-1.9.1.pom
2017-06-27 17:21:03,589 [Worker-6] INFO  o.e.m.c.i.e.AbstractTransferListenerAdapter - Downloading https://repo.maven.apache.org/maven2/org/codehaus/plexus/plexus-compiler/1.9.1/plexus-compiler-1.9.1.pom
2017-06-27 17:21:03,851 [Worker-6] INFO  o.e.m.c.i.e.AbstractTransferListenerAdapter - Downloaded https://repo.maven.apache.org/maven2/org/codehaus/plexus/plexus-compiler/1.9.1/plexus-compiler-1.9.1.pom
2017-06-27 17:21:04,116 [Worker-6] INFO  o.e.m.c.i.e.AbstractTransferListenerAdapter - Downloading https://repo.maven.apache.org/maven2/org/codehaus/plexus/plexus-components/1.1.20/plexus-components-1.1.20.pom
2017-06-27 17:21:04,378 [Worker-6] INFO  o.e.m.c.i.e.AbstractTransferListenerAdapter - Downloaded https://repo.maven.apache.org/maven2/org/codehaus/plexus/plexus-components/1.1.20/plexus-components-1.1.20.pom
2017-06-27 17:21:04,666 [Worker-6] INFO  o.e.m.c.i.e.AbstractTransferListenerAdapter - Downloading https://repo.maven.apache.org/maven2/org/codehaus/plexus/plexus-compiler-manager/1.9.1/plexus-compiler-manager-1.9.1.pom
2017-06-27 17:21:04,925 [Worker-6] INFO  o.e.m.c.i.e.AbstractTransferListenerAdapter - Downloaded https://repo.maven.apache.org/maven2/org/codehaus/plexus/plexus-compiler-manager/1.9.1/plexus-compiler-manager-1.9.1.pom
2017-06-27 17:21:05,205 [Worker-6] INFO  o.e.m.c.i.e.AbstractTransferListenerAdapter - Downloading https://repo.maven.apache.org/maven2/org/codehaus/plexus/plexus-compiler-javac/1.9.1/plexus-compiler-javac-1.9.1.pom
2017-06-27 17:21:05,465 [Worker-6] INFO  o.e.m.c.i.e.AbstractTransferListenerAdapter - Downloaded https://repo.maven.apache.org/maven2/org/codehaus/plexus/plexus-compiler-javac/1.9.1/plexus-compiler-javac-1.9.1.pom
2017-06-27 17:21:05,729 [Worker-6] INFO  o.e.m.c.i.e.AbstractTransferListenerAdapter - Downloading https://repo.maven.apache.org/maven2/org/codehaus/plexus/plexus-compilers/1.9.1/plexus-compilers-1.9.1.pom
2017-06-27 17:21:05,992 [Worker-6] INFO  o.e.m.c.i.e.AbstractTransferListenerAdapter - Downloaded https://repo.maven.apache.org/maven2/org/codehaus/plexus/plexus-compilers/1.9.1/plexus-compilers-1.9.1.pom
2017-06-27 17:21:06,333 [Worker-6] INFO  o.e.m.c.i.e.AbstractTransferListenerAdapter - Downloading https://repo.maven.apache.org/maven2/org/codehaus/plexus/plexus-compiler-api/1.9.1/plexus-compiler-api-1.9.1.jar
2017-06-27 17:21:06,598 [Worker-6] INFO  o.e.m.c.i.e.AbstractTransferListenerAdapter - Downloaded https://repo.maven.apache.org/maven2/org/codehaus/plexus/plexus-compiler-api/1.9.1/plexus-compiler-api-1.9.1.jar
2017-06-27 17:21:06,853 [Worker-6] INFO  o.e.m.c.i.e.AbstractTransferListenerAdapter - Downloading https://repo.maven.apache.org/maven2/org/codehaus/plexus/plexus-compiler-manager/1.9.1/plexus-compiler-manager-1.9.1.jar
2017-06-27 17:21:07,126 [Worker-6] INFO  o.e.m.c.i.e.AbstractTransferListenerAdapter - Downloaded https://repo.maven.apache.org/maven2/org/codehaus/plexus/plexus-compiler-manager/1.9.1/plexus-compiler-manager-1.9.1.jar
2017-06-27 17:21:07,382 [Worker-6] INFO  o.e.m.c.i.e.AbstractTransferListenerAdapter - Downloading https://repo.maven.apache.org/maven2/org/codehaus/plexus/plexus-compiler-javac/1.9.1/plexus-compiler-javac-1.9.1.jar
2017-06-27 17:21:07,658 [Worker-6] INFO  o.e.m.c.i.e.AbstractTransferListenerAdapter - Downloaded https://repo.maven.apache.org/maven2/org/codehaus/plexus/plexus-compiler-javac/1.9.1/plexus-compiler-javac-1.9.1.jar
2017-06-27 17:21:07,902 [Worker-6] INFO  o.e.m.c.i.l.LifecycleMappingFactory - Using org.maven.ide.eclipse.wtp.WarLifecycleMapping lifecycle mapping for MavenProject: com.youzan:pfcase:1.0-SNAPSHOT @ D:\project\javaweb-study\workspace-task\bugCatcher-master\pom.xml.
2017-06-27 17:21:09,017 [Worker-6] INFO  o.e.m.c.i.e.AbstractTransferListenerAdapter - Downloading https://repo.maven.apache.org/maven2/org/springframework/spring-core/4.3.2.RELEASE/spring-core-4.3.2.RELEASE.pom
2017-06-27 17:21:09,292 [Worker-6] INFO  o.e.m.c.i.e.AbstractTransferListenerAdapter - Downloaded https://repo.maven.apache.org/maven2/org/springframework/spring-core/4.3.2.RELEASE/spring-core-4.3.2.RELEASE.pom
2017-06-27 17:21:09,614 [Worker-6] INFO  o.e.m.c.i.e.AbstractTransferListenerAdapter - Downloading https://repo.maven.apache.org/maven2/org/springframework/spring-web/4.3.2.RELEASE/spring-web-4.3.2.RELEASE.pom
2017-06-27 17:21:09,927 [Worker-6] INFO  o.e.m.c.i.e.AbstractTransferListenerAdapter - Downloaded https://repo.maven.apache.org/maven2/org/springframework/spring-web/4.3.2.RELEASE/spring-web-4.3.2.RELEASE.pom
2017-06-27 17:21:10,221 [Worker-6] INFO  o.e.m.c.i.e.AbstractTransferListenerAdapter - Downloading https://repo.maven.apache.org/maven2/org/springframework/spring-aop/4.3.2.RELEASE/spring-aop-4.3.2.RELEASE.pom
2017-06-27 17:21:10,510 [Worker-6] INFO  o.e.m.c.i.e.AbstractTransferListenerAdapter - Downloaded https://repo.maven.apache.org/maven2/org/springframework/spring-aop/4.3.2.RELEASE/spring-aop-4.3.2.RELEASE.pom
2017-06-27 17:21:10,809 [Worker-6] INFO  o.e.m.c.i.e.AbstractTransferListenerAdapter - Downloading https://repo.maven.apache.org/maven2/org/springframework/spring-beans/4.3.2.RELEASE/spring-beans-4.3.2.RELEASE.pom
2017-06-27 17:21:11,100 [Worker-6] INFO  o.e.m.c.i.e.AbstractTransferListenerAdapter - Downloaded https://repo.maven.apache.org/maven2/org/springframework/spring-beans/4.3.2.RELEASE/spring-beans-4.3.2.RELEASE.pom
2017-06-27 17:21:11,403 [Worker-6] INFO  o.e.m.c.i.e.AbstractTransferListenerAdapter - Downloading https://repo.maven.apache.org/maven2/org/springframework/spring-context/4.3.2.RELEASE/spring-context-4.3.2.RELEASE.pom
2017-06-27 17:21:11,687 [Worker-6] INFO  o.e.m.c.i.e.AbstractTransferListenerAdapter - Downloaded https://repo.maven.apache.org/maven2/org/springframework/spring-context/4.3.2.RELEASE/spring-context-4.3.2.RELEASE.pom
2017-06-27 17:21:11,985 [Worker-6] INFO  o.e.m.c.i.e.AbstractTransferListenerAdapter - Downloading https://repo.maven.apache.org/maven2/org/springframework/spring-expression/4.3.2.RELEASE/spring-expression-4.3.2.RELEASE.pom
2017-06-27 17:21:12,263 [Worker-6] INFO  o.e.m.c.i.e.AbstractTransferListenerAdapter - Downloaded https://repo.maven.apache.org/maven2/org/springframework/spring-expression/4.3.2.RELEASE/spring-expression-4.3.2.RELEASE.pom
2017-06-27 17:21:12,540 [Worker-6] INFO  o.e.m.c.i.e.AbstractTransferListenerAdapter - Downloading https://repo.maven.apache.org/maven2/org/springframework/spring-webmvc/4.3.2.RELEASE/spring-webmvc-4.3.2.RELEASE.pom
2017-06-27 17:21:12,863 [Worker-6] INFO  o.e.m.c.i.e.AbstractTransferListenerAdapter - Downloaded https://repo.maven.apache.org/maven2/org/springframework/spring-webmvc/4.3.2.RELEASE/spring-webmvc-4.3.2.RELEASE.pom
2017-06-27 17:21:13,155 [Worker-6] INFO  o.e.m.c.i.e.AbstractTransferListenerAdapter - Downloading https://repo.maven.apache.org/maven2/org/springframework/spring-test/4.3.2.RELEASE/spring-test-4.3.2.RELEASE.pom
2017-06-27 17:21:13,451 [Worker-6] INFO  o.e.m.c.i.e.AbstractTransferListenerAdapter - Downloaded https://repo.maven.apache.org/maven2/org/springframework/spring-test/4.3.2.RELEASE/spring-test-4.3.2.RELEASE.pom
2017-06-27 17:21:13,752 [Worker-6] INFO  o.e.m.c.i.e.AbstractTransferListenerAdapter - Downloading https://repo.maven.apache.org/maven2/org/mybatis/mybatis/3.4.1/mybatis-3.4.1.pom
2017-06-27 17:21:14,070 [Worker-6] INFO  o.e.m.c.i.e.AbstractTransferListenerAdapter - Downloaded https://repo.maven.apache.org/maven2/org/mybatis/mybatis/3.4.1/mybatis-3.4.1.pom
2017-06-27 17:21:14,361 [Worker-6] INFO  o.e.m.c.i.e.AbstractTransferListenerAdapter - Downloading https://repo.maven.apache.org/maven2/org/mybatis/mybatis-parent/27/mybatis-parent-27.pom
2017-06-27 17:21:14,922 [Worker-6] INFO  o.e.m.c.i.e.AbstractTransferListenerAdapter - Downloaded https://repo.maven.apache.org/maven2/org/mybatis/mybatis-parent/27/mybatis-parent-27.pom
2017-06-27 17:21:15,232 [Worker-6] INFO  o.e.m.c.i.e.AbstractTransferListenerAdapter - Downloading https://repo.maven.apache.org/maven2/org/mybatis/mybatis-spring/1.3.0/mybatis-spring-1.3.0.pom
2017-06-27 17:21:15,541 [Worker-6] INFO  o.e.m.c.i.e.AbstractTransferListenerAdapter - Downloaded https://repo.maven.apache.org/maven2/org/mybatis/mybatis-spring/1.3.0/mybatis-spring-1.3.0.pom
2017-06-27 17:21:15,848 [Worker-6] INFO  o.e.m.c.i.e.AbstractTransferListenerAdapter - Downloading https://repo.maven.apache.org/maven2/org/springframework/spring-jdbc/4.3.2.RELEASE/spring-jdbc-4.3.2.RELEASE.pom
2017-06-27 17:21:16,132 [Worker-6] INFO  o.e.m.c.i.e.AbstractTransferListenerAdapter - Downloaded https://repo.maven.apache.org/maven2/org/springframework/spring-jdbc/4.3.2.RELEASE/spring-jdbc-4.3.2.RELEASE.pom
2017-06-27 17:21:16,427 [Worker-6] INFO  o.e.m.c.i.e.AbstractTransferListenerAdapter - Downloading https://repo.maven.apache.org/maven2/org/springframework/spring-tx/4.3.2.RELEASE/spring-tx-4.3.2.RELEASE.pom
2017-06-27 17:21:16,717 [Worker-6] INFO  o.e.m.c.i.e.AbstractTransferListenerAdapter - Downloaded https://repo.maven.apache.org/maven2/org/springframework/spring-tx/4.3.2.RELEASE/spring-tx-4.3.2.RELEASE.pom
2017-06-27 17:21:17,028 [Worker-6] INFO  o.e.m.c.i.e.AbstractTransferListenerAdapter - Downloading https://repo.maven.apache.org/maven2/mysql/mysql-connector-java/5.1.39/mysql-connector-java-5.1.39.pom
2017-06-27 17:21:17,316 [Worker-6] INFO  o.e.m.c.i.e.AbstractTransferListenerAdapter - Downloaded https://repo.maven.apache.org/maven2/mysql/mysql-connector-java/5.1.39/mysql-connector-java-5.1.39.pom
2017-06-27 17:21:17,611 [Worker-6] INFO  o.e.m.c.i.e.AbstractTransferListenerAdapter - Downloading https://repo.maven.apache.org/maven2/org/springframework/security/spring-security-config/3.2.9.RELEASE/spring-security-config-3.2.9.RELEASE.pom
2017-06-27 17:21:17,928 [Worker-6] INFO  o.e.m.c.i.e.AbstractTransferListenerAdapter - Downloaded https://repo.maven.apache.org/maven2/org/springframework/security/spring-security-config/3.2.9.RELEASE/spring-security-config-3.2.9.RELEASE.pom
2017-06-27 17:21:18,235 [Worker-6] INFO  o.e.m.c.i.e.AbstractTransferListenerAdapter - Downloading https://repo.maven.apache.org/maven2/org/springframework/security/spring-security-core/3.2.9.RELEASE/spring-security-core-3.2.9.RELEASE.pom
2017-06-27 17:21:18,553 [Worker-6] INFO  o.e.m.c.i.e.AbstractTransferListenerAdapter - Downloaded https://repo.maven.apache.org/maven2/org/springframework/security/spring-security-core/3.2.9.RELEASE/spring-security-core-3.2.9.RELEASE.pom
2017-06-27 17:21:18,866 [Worker-6] INFO  o.e.m.c.i.e.AbstractTransferListenerAdapter - Downloading https://repo.maven.apache.org/maven2/org/springframework/security/spring-security-taglibs/3.2.9.RELEASE/spring-security-taglibs-3.2.9.RELEASE.pom
2017-06-27 17:21:19,176 [Worker-6] INFO  o.e.m.c.i.e.AbstractTransferListenerAdapter - Downloaded https://repo.maven.apache.org/maven2/org/springframework/security/spring-security-taglibs/3.2.9.RELEASE/spring-security-taglibs-3.2.9.RELEASE.pom
2017-06-27 17:21:19,491 [Worker-6] INFO  o.e.m.c.i.e.AbstractTransferListenerAdapter - Downloading https://repo.maven.apache.org/maven2/org/springframework/security/spring-security-acl/3.2.9.RELEASE/spring-security-acl-3.2.9.RELEASE.pom
2017-06-27 17:21:19,798 [Worker-6] INFO  o.e.m.c.i.e.AbstractTransferListenerAdapter - Downloaded https://repo.maven.apache.org/maven2/org/springframework/security/spring-security-acl/3.2.9.RELEASE/spring-security-acl-3.2.9.RELEASE.pom
2017-06-27 17:21:20,124 [Worker-6] INFO  o.e.m.c.i.e.AbstractTransferListenerAdapter - Downloading https://repo.maven.apache.org/maven2/org/springframework/security/spring-security-web/3.2.9.RELEASE/spring-security-web-3.2.9.RELEASE.pom
2017-06-27 17:21:20,430 [Worker-6] INFO  o.e.m.c.i.e.AbstractTransferListenerAdapter - Downloaded https://repo.maven.apache.org/maven2/org/springframework/security/spring-security-web/3.2.9.RELEASE/spring-security-web-3.2.9.RELEASE.pom
2017-06-27 17:21:20,860 [Worker-6] INFO  o.e.m.c.i.e.AbstractTransferListenerAdapter - Downloading https://repo.maven.apache.org/maven2/org/hibernate/hibernate-validator/4.3.1.Final/hibernate-validator-4.3.1.Final.pom
2017-06-27 17:21:21,188 [Worker-6] INFO  o.e.m.c.i.e.AbstractTransferListenerAdapter - Downloaded https://repo.maven.apache.org/maven2/org/hibernate/hibernate-validator/4.3.1.Final/hibernate-validator-4.3.1.Final.pom
2017-06-27 17:21:21,502 [Worker-6] INFO  o.e.m.c.i.e.AbstractTransferListenerAdapter - Downloading https://repo.maven.apache.org/maven2/org/hibernate/hibernate-validator-parent/4.3.1.Final/hibernate-validator-parent-4.3.1.Final.pom
2017-06-27 17:21:21,866 [Worker-6] INFO  o.e.m.c.i.e.AbstractTransferListenerAdapter - Downloaded https://repo.maven.apache.org/maven2/org/hibernate/hibernate-validator-parent/4.3.1.Final/hibernate-validator-parent-4.3.1.Final.pom
2017-06-27 17:21:22,183 [Worker-6] INFO  o.e.m.c.i.e.AbstractTransferListenerAdapter - Downloading https://repo.maven.apache.org/maven2/javax/validation/validation-api/1.0.0.GA/validation-api-1.0.0.GA.pom
2017-06-27 17:21:22,473 [Worker-6] INFO  o.e.m.c.i.e.AbstractTransferListenerAdapter - Downloaded https://repo.maven.apache.org/maven2/javax/validation/validation-api/1.0.0.GA/validation-api-1.0.0.GA.pom
2017-06-27 17:21:22,776 [Worker-6] INFO  o.e.m.c.i.e.AbstractTransferListenerAdapter - Downloading https://repo.maven.apache.org/maven2/org/jboss/logging/jboss-logging/3.1.0.CR2/jboss-logging-3.1.0.CR2.pom
2017-06-27 17:21:23,069 [Worker-6] INFO  o.e.m.c.i.e.AbstractTransferListenerAdapter - Downloaded https://repo.maven.apache.org/maven2/org/jboss/logging/jboss-logging/3.1.0.CR2/jboss-logging-3.1.0.CR2.pom
2017-06-27 17:21:23,361 [Worker-6] INFO  o.e.m.c.i.e.AbstractTransferListenerAdapter - Downloading https://repo.maven.apache.org/maven2/org/jboss/jboss-parent/6/jboss-parent-6.pom
2017-06-27 17:21:23,732 [Worker-6] INFO  o.e.m.c.i.e.AbstractTransferListenerAdapter - Downloaded https://repo.maven.apache.org/maven2/org/jboss/jboss-parent/6/jboss-parent-6.pom
2017-06-27 17:21:24,052 [Worker-6] INFO  o.e.m.c.i.e.AbstractTransferListenerAdapter - Downloading https://repo.maven.apache.org/maven2/net/sf/dozer/dozer/5.4.0/dozer-5.4.0.pom
2017-06-27 17:21:24,383 [Worker-6] INFO  o.e.m.c.i.e.AbstractTransferListenerAdapter - Downloaded https://repo.maven.apache.org/maven2/net/sf/dozer/dozer/5.4.0/dozer-5.4.0.pom
2017-06-27 17:21:24,675 [Worker-6] INFO  o.e.m.c.i.e.AbstractTransferListenerAdapter - Downloading https://repo.maven.apache.org/maven2/net/sf/dozer/dozer-parent/5.4.0/dozer-parent-5.4.0.pom
2017-06-27 17:21:24,971 [Worker-6] INFO  o.e.m.c.i.e.AbstractTransferListenerAdapter - Downloaded https://repo.maven.apache.org/maven2/net/sf/dozer/dozer-parent/5.4.0/dozer-parent-5.4.0.pom
2017-06-27 17:21:26,178 [Worker-6] INFO  o.e.m.c.i.e.AbstractTransferListenerAdapter - Downloading https://repo.maven.apache.org/maven2/javax/transaction/jta/1.1/jta-1.1.pom
2017-06-27 17:21:26,453 [Worker-6] INFO  o.e.m.c.i.e.AbstractTransferListenerAdapter - Downloaded https://repo.maven.apache.org/maven2/javax/transaction/jta/1.1/jta-1.1.pom
2017-06-27 17:21:26,750 [Worker-6] INFO  o.e.m.c.i.e.AbstractTransferListenerAdapter - Downloading https://repo.maven.apache.org/maven2/javax/inject/javax.inject/1/javax.inject-1.pom
2017-06-27 17:21:27,034 [Worker-6] INFO  o.e.m.c.i.e.AbstractTransferListenerAdapter - Downloaded https://repo.maven.apache.org/maven2/javax/inject/javax.inject/1/javax.inject-1.pom
2017-06-27 17:21:27,366 [Worker-6] INFO  o.e.m.c.i.e.AbstractTransferListenerAdapter - Downloading https://repo.maven.apache.org/maven2/ch/qos/logback/logback-classic/1.0.13/logback-classic-1.0.13.pom
2017-06-27 17:21:27,671 [Worker-6] INFO  o.e.m.c.i.e.AbstractTransferListenerAdapter - Downloaded https://repo.maven.apache.org/maven2/ch/qos/logback/logback-classic/1.0.13/logback-classic-1.0.13.pom
2017-06-27 17:21:27,994 [Worker-6] INFO  o.e.m.c.i.e.AbstractTransferListenerAdapter - Downloading https://repo.maven.apache.org/maven2/ch/qos/logback/logback-parent/1.0.13/logback-parent-1.0.13.pom
2017-06-27 17:21:28,281 [Worker-6] INFO  o.e.m.c.i.e.AbstractTransferListenerAdapter - Downloaded https://repo.maven.apache.org/maven2/ch/qos/logback/logback-parent/1.0.13/logback-parent-1.0.13.pom
2017-06-27 17:21:28,569 [Worker-6] INFO  o.e.m.c.i.e.AbstractTransferListenerAdapter - Downloading https://repo.maven.apache.org/maven2/ch/qos/logback/logback-core/1.0.13/logback-core-1.0.13.pom
2017-06-27 17:21:28,857 [Worker-6] INFO  o.e.m.c.i.e.AbstractTransferListenerAdapter - Downloaded https://repo.maven.apache.org/maven2/ch/qos/logback/logback-core/1.0.13/logback-core-1.0.13.pom
2017-06-27 17:21:29,316 [Worker-6] INFO  o.e.m.c.i.e.AbstractTransferListenerAdapter - Downloading https://repo.maven.apache.org/maven2/org/lazyluke/log4jdbc-remix/0.2.6/log4jdbc-remix-0.2.6.pom
2017-06-27 17:21:29,689 [Worker-6] INFO  o.e.m.c.i.e.AbstractTransferListenerAdapter - Downloaded https://repo.maven.apache.org/maven2/org/lazyluke/log4jdbc-remix/0.2.6/log4jdbc-remix-0.2.6.pom
2017-06-27 17:21:29,993 [Worker-6] INFO  o.e.m.c.i.e.AbstractTransferListenerAdapter - Downloading https://repo.maven.apache.org/maven2/junit/junit/4.7/junit-4.7.pom
2017-06-27 17:21:30,287 [Worker-6] INFO  o.e.m.c.i.e.AbstractTransferListenerAdapter - Downloaded https://repo.maven.apache.org/maven2/junit/junit/4.7/junit-4.7.pom
2017-06-27 17:21:30,597 [Worker-6] INFO  o.e.m.c.i.e.AbstractTransferListenerAdapter - Downloading https://repo.maven.apache.org/maven2/org/slf4j/slf4j-api/1.6.2/slf4j-api-1.6.2.pom
2017-06-27 17:21:30,889 [Worker-6] INFO  o.e.m.c.i.e.AbstractTransferListenerAdapter - Downloaded https://repo.maven.apache.org/maven2/org/slf4j/slf4j-api/1.6.2/slf4j-api-1.6.2.pom
2017-06-27 17:21:31,189 [Worker-6] INFO  o.e.m.c.i.e.AbstractTransferListenerAdapter - Downloading https://repo.maven.apache.org/maven2/org/slf4j/slf4j-parent/1.6.2/slf4j-parent-1.6.2.pom
2017-06-27 17:21:31,508 [Worker-6] INFO  o.e.m.c.i.e.AbstractTransferListenerAdapter - Downloaded https://repo.maven.apache.org/maven2/org/slf4j/slf4j-parent/1.6.2/slf4j-parent-1.6.2.pom
2017-06-27 17:21:31,869 [Worker-6] INFO  o.e.m.c.i.e.AbstractTransferListenerAdapter - Downloading https://repo.maven.apache.org/maven2/org/springframework/spring-core/4.3.2.RELEASE/spring-core-4.3.2.RELEASE.jar
2017-06-27 17:21:36,303 [Worker-6] INFO  o.e.m.c.i.e.AbstractTransferListenerAdapter - Downloaded https://repo.maven.apache.org/maven2/org/springframework/spring-core/4.3.2.RELEASE/spring-core-4.3.2.RELEASE.jar
2017-06-27 17:21:36,626 [Worker-6] INFO  o.e.m.c.i.e.AbstractTransferListenerAdapter - Downloading https://repo.maven.apache.org/maven2/org/springframework/spring-web/4.3.2.RELEASE/spring-web-4.3.2.RELEASE.jar
2017-06-27 17:21:38,995 [Worker-6] INFO  o.e.m.c.i.e.AbstractTransferListenerAdapter - Downloaded https://repo.maven.apache.org/maven2/org/springframework/spring-web/4.3.2.RELEASE/spring-web-4.3.2.RELEASE.jar
2017-06-27 17:21:39,309 [Worker-6] INFO  o.e.m.c.i.e.AbstractTransferListenerAdapter - Downloading https://repo.maven.apache.org/maven2/org/springframework/spring-aop/4.3.2.RELEASE/spring-aop-4.3.2.RELEASE.jar
2017-06-27 17:21:40,497 [Worker-6] INFO  o.e.m.c.i.e.AbstractTransferListenerAdapter - Downloaded https://repo.maven.apache.org/maven2/org/springframework/spring-aop/4.3.2.RELEASE/spring-aop-4.3.2.RELEASE.jar
2017-06-27 17:21:40,797 [Worker-6] INFO  o.e.m.c.i.e.AbstractTransferListenerAdapter - Downloading https://repo.maven.apache.org/maven2/org/springframework/spring-beans/4.3.2.RELEASE/spring-beans-4.3.2.RELEASE.jar
2017-06-27 17:21:42,743 [Worker-6] INFO  o.e.m.c.i.e.AbstractTransferListenerAdapter - Downloaded https://repo.maven.apache.org/maven2/org/springframework/spring-beans/4.3.2.RELEASE/spring-beans-4.3.2.RELEASE.jar
2017-06-27 17:21:43,029 [Worker-6] INFO  o.e.m.c.i.e.AbstractTransferListenerAdapter - Downloading https://repo.maven.apache.org/maven2/org/springframework/spring-context/4.3.2.RELEASE/spring-context-4.3.2.RELEASE.jar
2017-06-27 17:21:45,688 [Worker-6] INFO  o.e.m.c.i.e.AbstractTransferListenerAdapter - Downloaded https://repo.maven.apache.org/maven2/org/springframework/spring-context/4.3.2.RELEASE/spring-context-4.3.2.RELEASE.jar
2017-06-27 17:21:45,965 [Worker-6] INFO  o.e.m.c.i.e.AbstractTransferListenerAdapter - Downloading https://repo.maven.apache.org/maven2/org/springframework/spring-webmvc/4.3.2.RELEASE/spring-webmvc-4.3.2.RELEASE.jar
2017-06-27 17:21:48,132 [Worker-6] INFO  o.e.m.c.i.e.AbstractTransferListenerAdapter - Downloaded https://repo.maven.apache.org/maven2/org/springframework/spring-webmvc/4.3.2.RELEASE/spring-webmvc-4.3.2.RELEASE.jar
2017-06-27 17:21:48,448 [Worker-6] INFO  o.e.m.c.i.e.AbstractTransferListenerAdapter - Downloading https://repo.maven.apache.org/maven2/org/springframework/spring-expression/4.3.2.RELEASE/spring-expression-4.3.2.RELEASE.jar
2017-06-27 17:21:49,214 [Worker-6] INFO  o.e.m.c.i.e.AbstractTransferListenerAdapter - Downloaded https://repo.maven.apache.org/maven2/org/springframework/spring-expression/4.3.2.RELEASE/spring-expression-4.3.2.RELEASE.jar
2017-06-27 17:21:49,531 [Worker-6] INFO  o.e.m.c.i.e.AbstractTransferListenerAdapter - Downloading https://repo.maven.apache.org/maven2/org/springframework/spring-test/4.3.2.RELEASE/spring-test-4.3.2.RELEASE.jar
2017-06-27 17:21:50,719 [Worker-6] INFO  o.e.m.c.i.e.AbstractTransferListenerAdapter - Downloaded https://repo.maven.apache.org/maven2/org/springframework/spring-test/4.3.2.RELEASE/spring-test-4.3.2.RELEASE.jar
2017-06-27 17:21:51,038 [Worker-6] INFO  o.e.m.c.i.e.AbstractTransferListenerAdapter - Downloading https://repo.maven.apache.org/maven2/org/mybatis/mybatis/3.4.1/mybatis-3.4.1.jar
2017-06-27 17:21:54,179 [Worker-6] INFO  o.e.m.c.i.e.AbstractTransferListenerAdapter - Downloaded https://repo.maven.apache.org/maven2/org/mybatis/mybatis/3.4.1/mybatis-3.4.1.jar
2017-06-27 17:21:54,473 [Worker-6] INFO  o.e.m.c.i.e.AbstractTransferListenerAdapter - Downloading https://repo.maven.apache.org/maven2/org/mybatis/mybatis-spring/1.3.0/mybatis-spring-1.3.0.jar
2017-06-27 17:21:54,860 [Worker-6] INFO  o.e.m.c.i.e.AbstractTransferListenerAdapter - Downloaded https://repo.maven.apache.org/maven2/org/mybatis/mybatis-spring/1.3.0/mybatis-spring-1.3.0.jar
2017-06-27 17:21:55,175 [Worker-6] INFO  o.e.m.c.i.e.AbstractTransferListenerAdapter - Downloading https://repo.maven.apache.org/maven2/org/springframework/spring-jdbc/4.3.2.RELEASE/spring-jdbc-4.3.2.RELEASE.jar
2017-06-27 17:21:56,423 [Worker-6] INFO  o.e.m.c.i.e.AbstractTransferListenerAdapter - Downloaded https://repo.maven.apache.org/maven2/org/springframework/spring-jdbc/4.3.2.RELEASE/spring-jdbc-4.3.2.RELEASE.jar
2017-06-27 17:21:56,725 [Worker-6] INFO  o.e.m.c.i.e.AbstractTransferListenerAdapter - Downloading https://repo.maven.apache.org/maven2/org/springframework/spring-tx/4.3.2.RELEASE/spring-tx-4.3.2.RELEASE.jar
2017-06-27 17:21:57,739 [Worker-6] INFO  o.e.m.c.i.e.AbstractTransferListenerAdapter - Downloaded https://repo.maven.apache.org/maven2/org/springframework/spring-tx/4.3.2.RELEASE/spring-tx-4.3.2.RELEASE.jar
2017-06-27 17:21:58,040 [Worker-6] INFO  o.e.m.c.i.e.AbstractTransferListenerAdapter - Downloading https://repo.maven.apache.org/maven2/mysql/mysql-connector-java/5.1.39/mysql-connector-java-5.1.39.jar
2017-06-27 17:22:02,786 [Worker-6] INFO  o.e.m.c.i.e.AbstractTransferListenerAdapter - Downloaded https://repo.maven.apache.org/maven2/mysql/mysql-connector-java/5.1.39/mysql-connector-java-5.1.39.jar
2017-06-27 17:22:03,127 [Worker-6] INFO  o.e.m.c.i.e.AbstractTransferListenerAdapter - Downloading https://repo.maven.apache.org/maven2/org/springframework/security/spring-security-config/3.2.9.RELEASE/spring-security-config-3.2.9.RELEASE.jar
2017-06-27 17:22:05,885 [Worker-6] INFO  o.e.m.c.i.e.AbstractTransferListenerAdapter - Downloaded https://repo.maven.apache.org/maven2/org/springframework/security/spring-security-config/3.2.9.RELEASE/spring-security-config-3.2.9.RELEASE.jar
2017-06-27 17:22:06,223 [Worker-6] INFO  o.e.m.c.i.e.AbstractTransferListenerAdapter - Downloading https://repo.maven.apache.org/maven2/org/springframework/security/spring-security-core/3.2.9.RELEASE/spring-security-core-3.2.9.RELEASE.jar
2017-06-27 17:22:09,325 [Worker-6] INFO  o.e.m.c.i.e.AbstractTransferListenerAdapter - Downloaded https://repo.maven.apache.org/maven2/org/springframework/security/spring-security-core/3.2.9.RELEASE/spring-security-core-3.2.9.RELEASE.jar
2017-06-27 17:22:09,620 [Worker-6] INFO  o.e.m.c.i.e.AbstractTransferListenerAdapter - Downloading https://repo.maven.apache.org/maven2/org/springframework/security/spring-security-taglibs/3.2.9.RELEASE/spring-security-taglibs-3.2.9.RELEASE.jar
2017-06-27 17:22:10,056 [Worker-6] INFO  o.e.m.c.i.e.AbstractTransferListenerAdapter - Downloaded https://repo.maven.apache.org/maven2/org/springframework/security/spring-security-taglibs/3.2.9.RELEASE/spring-security-taglibs-3.2.9.RELEASE.jar
2017-06-27 17:22:10,370 [Worker-6] INFO  o.e.m.c.i.e.AbstractTransferListenerAdapter - Downloading https://repo.maven.apache.org/maven2/org/springframework/security/spring-security-acl/3.2.9.RELEASE/spring-security-acl-3.2.9.RELEASE.jar
2017-06-27 17:22:11,306 [Worker-6] INFO  o.e.m.c.i.e.AbstractTransferListenerAdapter - Downloaded https://repo.maven.apache.org/maven2/org/springframework/security/spring-security-acl/3.2.9.RELEASE/spring-security-acl-3.2.9.RELEASE.jar
2017-06-27 17:22:11,616 [Worker-6] INFO  o.e.m.c.i.e.AbstractTransferListenerAdapter - Downloading https://repo.maven.apache.org/maven2/org/springframework/security/spring-security-web/3.2.9.RELEASE/spring-security-web-3.2.9.RELEASE.jar
2017-06-27 17:22:14,832 [Worker-6] INFO  o.e.m.c.i.e.AbstractTransferListenerAdapter - Downloaded https://repo.maven.apache.org/maven2/org/springframework/security/spring-security-web/3.2.9.RELEASE/spring-security-web-3.2.9.RELEASE.jar
2017-06-27 17:22:15,162 [Worker-6] INFO  o.e.m.c.i.e.AbstractTransferListenerAdapter - Downloading https://repo.maven.apache.org/maven2/org/hibernate/hibernate-validator/4.3.1.Final/hibernate-validator-4.3.1.Final.jar
2017-06-27 17:22:22,137 [Worker-6] INFO  o.e.m.c.i.e.AbstractTransferListenerAdapter - Downloaded https://repo.maven.apache.org/maven2/org/hibernate/hibernate-validator/4.3.1.Final/hibernate-validator-4.3.1.Final.jar
2017-06-27 17:22:22,470 [Worker-6] INFO  o.e.m.c.i.e.AbstractTransferListenerAdapter - Downloading https://repo.maven.apache.org/maven2/javax/validation/validation-api/1.0.0.GA/validation-api-1.0.0.GA.jar
2017-06-27 17:22:23,562 [Worker-6] INFO  o.e.m.c.i.e.AbstractTransferListenerAdapter - Downloaded https://repo.maven.apache.org/maven2/javax/validation/validation-api/1.0.0.GA/validation-api-1.0.0.GA.jar
2017-06-27 17:22:23,850 [Worker-6] INFO  o.e.m.c.i.e.AbstractTransferListenerAdapter - Downloading https://repo.maven.apache.org/maven2/org/jboss/logging/jboss-logging/3.1.0.CR2/jboss-logging-3.1.0.CR2.jar
2017-06-27 17:22:24,906 [Worker-6] INFO  o.e.m.c.i.e.AbstractTransferListenerAdapter - Downloaded https://repo.maven.apache.org/maven2/org/jboss/logging/jboss-logging/3.1.0.CR2/jboss-logging-3.1.0.CR2.jar
2017-06-27 17:22:25,179 [Worker-6] INFO  o.e.m.c.i.e.AbstractTransferListenerAdapter - Downloading https://repo.maven.apache.org/maven2/net/sf/dozer/dozer/5.4.0/dozer-5.4.0.jar
2017-06-27 17:22:27,889 [Worker-6] INFO  o.e.m.c.i.e.AbstractTransferListenerAdapter - Downloaded https://repo.maven.apache.org/maven2/net/sf/dozer/dozer/5.4.0/dozer-5.4.0.jar
2017-06-27 17:22:28,163 [Worker-6] INFO  o.e.m.c.i.e.AbstractTransferListenerAdapter - Downloading https://repo.maven.apache.org/maven2/commons-beanutils/commons-beanutils/1.8.3/commons-beanutils-1.8.3.jar
2017-06-27 17:22:29,593 [Worker-6] INFO  o.e.m.c.i.e.AbstractTransferListenerAdapter - Downloaded https://repo.maven.apache.org/maven2/commons-beanutils/commons-beanutils/1.8.3/commons-beanutils-1.8.3.jar
2017-06-27 17:22:30,161 [Worker-6] INFO  o.e.m.c.i.e.AbstractTransferListenerAdapter - Downloading https://repo.maven.apache.org/maven2/javax/transaction/jta/1.1/jta-1.1.jar
2017-06-27 17:22:30,479 [Worker-6] INFO  o.e.m.c.i.e.AbstractTransferListenerAdapter - Downloaded https://repo.maven.apache.org/maven2/javax/transaction/jta/1.1/jta-1.1.jar
2017-06-27 17:22:30,757 [Worker-6] INFO  o.e.m.c.i.e.AbstractTransferListenerAdapter - Downloading https://repo.maven.apache.org/maven2/javax/inject/javax.inject/1/javax.inject-1.jar
2017-06-27 17:22:31,043 [Worker-6] INFO  o.e.m.c.i.e.AbstractTransferListenerAdapter - Downloaded https://repo.maven.apache.org/maven2/javax/inject/javax.inject/1/javax.inject-1.jar
2017-06-27 17:22:31,328 [Worker-6] INFO  o.e.m.c.i.e.AbstractTransferListenerAdapter - Downloading https://repo.maven.apache.org/maven2/ch/qos/logback/logback-classic/1.0.13/logback-classic-1.0.13.jar
2017-06-27 17:22:32,406 [Worker-6] INFO  o.e.m.c.i.e.AbstractTransferListenerAdapter - Downloaded https://repo.maven.apache.org/maven2/ch/qos/logback/logback-classic/1.0.13/logback-classic-1.0.13.jar
2017-06-27 17:22:32,682 [Worker-6] INFO  o.e.m.c.i.e.AbstractTransferListenerAdapter - Downloading https://repo.maven.apache.org/maven2/ch/qos/logback/logback-core/1.0.13/logback-core-1.0.13.jar
2017-06-27 17:22:33,801 [Worker-6] INFO  o.e.m.c.i.e.AbstractTransferListenerAdapter - Downloaded https://repo.maven.apache.org/maven2/ch/qos/logback/logback-core/1.0.13/logback-core-1.0.13.jar
2017-06-27 17:22:34,164 [Worker-6] INFO  o.e.m.c.i.e.AbstractTransferListenerAdapter - Downloading https://repo.maven.apache.org/maven2/org/lazyluke/log4jdbc-remix/0.2.6/log4jdbc-remix-0.2.6.jar
2017-06-27 17:22:34,646 [Worker-6] INFO  o.e.m.c.i.e.AbstractTransferListenerAdapter - Downloaded https://repo.maven.apache.org/maven2/org/lazyluke/log4jdbc-remix/0.2.6/log4jdbc-remix-0.2.6.jar
2017-06-27 17:22:37,973 [Worker-6] INFO  o.e.m.c.i.e.AbstractTransferListenerAdapter - Downloading https://repo.maven.apache.org/maven2/org/apache/maven/plugins/maven-surefire-plugin/2.12/maven-surefire-plugin-2.12.pom
2017-06-27 17:22:38,345 [Worker-6] INFO  o.e.m.c.i.e.AbstractTransferListenerAdapter - Downloaded https://repo.maven.apache.org/maven2/org/apache/maven/plugins/maven-surefire-plugin/2.12/maven-surefire-plugin-2.12.pom
2017-06-27 17:22:38,697 [Worker-6] INFO  o.e.m.c.i.e.AbstractTransferListenerAdapter - Downloading https://repo.maven.apache.org/maven2/org/apache/maven/surefire/surefire/2.12/surefire-2.12.pom
2017-06-27 17:22:39,146 [Worker-6] INFO  o.e.m.c.i.e.AbstractTransferListenerAdapter - Downloaded https://repo.maven.apache.org/maven2/org/apache/maven/surefire/surefire/2.12/surefire-2.12.pom
2017-06-27 17:22:39,565 [Worker-6] INFO  o.e.m.c.i.e.AbstractTransferListenerAdapter - Downloading https://repo.maven.apache.org/maven2/org/apache/maven/plugins/maven-source-plugin/2.2/maven-source-plugin-2.2.pom
2017-06-27 17:22:39,957 [Worker-6] INFO  o.e.m.c.i.e.AbstractTransferListenerAdapter - Downloaded https://repo.maven.apache.org/maven2/org/apache/maven/plugins/maven-source-plugin/2.2/maven-source-plugin-2.2.pom
2017-06-27 17:22:40,846 [Worker-6] INFO  o.e.m.j.i.AbstractJavaProjectConfigurator - Adding source folder /bugCatcher-master/src/main/java
2017-06-27 17:22:40,847 [Worker-6] INFO  o.e.m.j.i.AbstractJavaProjectConfigurator - Adding resource folder /bugCatcher-master/src/main/resources
2017-06-27 17:22:40,854 [Worker-6] INFO  o.e.m.j.i.AbstractJavaProjectConfigurator - Adding source folder /bugCatcher-master/src/test/java
2017-06-27 17:22:45,388 [Worker-6] INFO  o.e.m.c.i.e.AbstractTransferListenerAdapter - Downloading https://repo.maven.apache.org/maven2/com/google/code/maven-license-plugin/maven-license-plugin/1.4.0/maven-license-plugin-1.4.0.pom
2017-06-27 17:22:46,146 [Worker-6] INFO  o.e.m.c.i.e.AbstractTransferListenerAdapter - Downloaded https://repo.maven.apache.org/maven2/com/google/code/maven-license-plugin/maven-license-plugin/1.4.0/maven-license-plugin-1.4.0.pom
2017-06-27 17:22:46,518 [Worker-6] INFO  o.e.m.c.i.e.AbstractTransferListenerAdapter - Downloading https://repo.maven.apache.org/maven2/com/google/code/maven-license-plugin/maven-license-plugin/1.4.0/maven-license-plugin-1.4.0.jar
2017-06-27 17:22:47,307 [Worker-6] INFO  o.e.m.c.i.e.AbstractTransferListenerAdapter - Downloaded https://repo.maven.apache.org/maven2/com/google/code/maven-license-plugin/maven-license-plugin/1.4.0/maven-license-plugin-1.4.0.jar
2017-06-27 17:22:47,749 [Worker-6] INFO  o.e.m.c.i.e.AbstractTransferListenerAdapter - Downloading https://repo.maven.apache.org/maven2/org/apache/maven/plugins/maven-dependency-plugin/2.5/maven-dependency-plugin-2.5.pom
2017-06-27 17:22:48,129 [Worker-6] INFO  o.e.m.c.i.e.AbstractTransferListenerAdapter - Downloaded https://repo.maven.apache.org/maven2/org/apache/maven/plugins/maven-dependency-plugin/2.5/maven-dependency-plugin-2.5.pom
2017-06-27 17:22:48,698 [Worker-6] INFO  o.e.m.c.i.p.ProjectConfigurationManager - Imported and configured 1 project(s) in 113 sec
2017-06-27 17:22:51,229 [Worker-10] INFO  o.e.m.c.i.embedder.EclipseLogger - Using 'UTF-8' encoding to copy filtered resources.
2017-06-27 17:22:51,239 [Worker-10] INFO  o.e.m.c.i.embedder.EclipseLogger - Copying 13 resources
2017-06-27 17:22:51,346 [Worker-10] INFO  o.e.m.c.i.embedder.EclipseLogger - Using 'UTF-8' encoding to copy filtered resources.
2017-06-27 17:22:51,346 [Worker-10] INFO  o.e.m.c.i.embedder.EclipseLogger - skip non existing resourceDirectory D:\project\javaweb-study\workspace-task\bugCatcher-master\src\test\resources
2017-06-27 17:24:53,093 [Worker-2] INFO  o.e.m.c.i.embedder.EclipseLogger - Using 'UTF-8' encoding to copy filtered resources.
2017-06-27 17:24:53,096 [Worker-2] INFO  o.e.m.c.i.embedder.EclipseLogger - Copying 0 resource
2017-06-27 17:24:53,097 [Worker-2] INFO  o.e.m.c.i.embedder.EclipseLogger - Using 'UTF-8' encoding to copy filtered resources.
2017-06-27 17:24:53,097 [Worker-2] INFO  o.e.m.c.i.embedder.EclipseLogger - skip non existing resourceDirectory D:\project\javaweb-study\workspace-task\bugCatcher-master\src\test\resources
2017-06-27 17:25:29,897 [Worker-12] INFO  o.e.m.c.i.embedder.EclipseLogger - Using 'UTF-8' encoding to copy filtered resources.
2017-06-27 17:25:29,897 [Worker-12] INFO  o.e.m.c.i.embedder.EclipseLogger - Copying 0 resource
2017-06-27 17:25:29,899 [Worker-12] INFO  o.e.m.c.i.embedder.EclipseLogger - Using 'UTF-8' encoding to copy filtered resources.
2017-06-27 17:25:29,899 [Worker-12] INFO  o.e.m.c.i.embedder.EclipseLogger - skip non existing resourceDirectory D:\project\javaweb-study\workspace-task\bugCatcher-master\src\test\resources
2017-06-27 17:26:10,861 [Worker-8] INFO  o.e.m.c.i.embedder.EclipseLogger - Using 'UTF-8' encoding to copy filtered resources.
2017-06-27 17:26:10,862 [Worker-8] INFO  o.e.m.c.i.embedder.EclipseLogger - Copying 0 resource
2017-06-27 17:26:10,864 [Worker-8] INFO  o.e.m.c.i.embedder.EclipseLogger - Using 'UTF-8' encoding to copy filtered resources.
2017-06-27 17:26:10,864 [Worker-8] INFO  o.e.m.c.i.embedder.EclipseLogger - skip non existing resourceDirectory D:\project\javaweb-study\workspace-task\bugCatcher-master\src\test\resources
2017-06-27 17:26:31,345 [Worker-3] INFO  o.e.m.c.i.embedder.EclipseLogger - Using 'UTF-8' encoding to copy filtered resources.
2017-06-27 17:26:31,345 [Worker-3] INFO  o.e.m.c.i.embedder.EclipseLogger - Copying 0 resource
2017-06-27 17:26:31,357 [Worker-3] INFO  o.e.m.c.i.embedder.EclipseLogger - Using 'UTF-8' encoding to copy filtered resources.
2017-06-27 17:26:31,357 [Worker-3] INFO  o.e.m.c.i.embedder.EclipseLogger - skip non existing resourceDirectory D:\project\javaweb-study\workspace-task\bugCatcher-master\src\test\resources
2017-06-27 17:29:22,340 [Worker-17] INFO  o.e.m.c.i.embedder.EclipseLogger - Using 'UTF-8' encoding to copy filtered resources.
2017-06-27 17:29:22,341 [Worker-17] INFO  o.e.m.c.i.embedder.EclipseLogger - Copying 0 resource
2017-06-27 17:29:22,342 [Worker-17] INFO  o.e.m.c.i.embedder.EclipseLogger - Using 'UTF-8' encoding to copy filtered resources.
2017-06-27 17:29:22,343 [Worker-17] INFO  o.e.m.c.i.embedder.EclipseLogger - skip non existing resourceDirectory D:\project\javaweb-study\workspace-task\bugCatcher-master\src\test\resources
2017-06-27 17:29:39,503 [Worker-20] INFO  o.e.m.c.i.embedder.EclipseLogger - Using 'UTF-8' encoding to copy filtered resources.
2017-06-27 17:29:39,504 [Worker-20] INFO  o.e.m.c.i.embedder.EclipseLogger - Copying 0 resource
2017-06-27 17:29:39,512 [Worker-20] INFO  o.e.m.c.i.embedder.EclipseLogger - Using 'UTF-8' encoding to copy filtered resources.
2017-06-27 17:29:39,513 [Worker-20] INFO  o.e.m.c.i.embedder.EclipseLogger - skip non existing resourceDirectory D:\project\javaweb-study\workspace-task\bugCatcher-master\src\test\resources
2017-06-27 17:29:50,741 [Worker-8] INFO  o.e.m.c.i.embedder.EclipseLogger - Using 'UTF-8' encoding to copy filtered resources.
2017-06-27 17:29:50,742 [Worker-8] INFO  o.e.m.c.i.embedder.EclipseLogger - Copying 0 resource
2017-06-27 17:29:50,745 [Worker-8] INFO  o.e.m.c.i.embedder.EclipseLogger - Using 'UTF-8' encoding to copy filtered resources.
2017-06-27 17:29:50,746 [Worker-8] INFO  o.e.m.c.i.embedder.EclipseLogger - skip non existing resourceDirectory D:\project\javaweb-study\workspace-task\bugCatcher-master\src\test\resources
2017-06-27 17:33:41,374 [Worker-23] INFO  o.e.m.c.i.embedder.EclipseLogger - Using 'UTF-8' encoding to copy filtered resources.
2017-06-27 17:33:41,377 [Worker-23] INFO  o.e.m.c.i.embedder.EclipseLogger - Copying 0 resource
2017-06-27 17:33:41,378 [Worker-23] INFO  o.e.m.c.i.embedder.EclipseLogger - Using 'UTF-8' encoding to copy filtered resources.
2017-06-27 17:33:41,378 [Worker-23] INFO  o.e.m.c.i.embedder.EclipseLogger - skip non existing resourceDirectory D:\project\javaweb-study\workspace-task\bugCatcher-master\src\test\resources
2017-06-27 17:34:48,921 [Worker-27] INFO  o.e.m.c.i.embedder.EclipseLogger - Using 'UTF-8' encoding to copy filtered resources.
2017-06-27 17:34:48,922 [Worker-27] INFO  o.e.m.c.i.embedder.EclipseLogger - Copying 0 resource
2017-06-27 17:34:48,923 [Worker-27] INFO  o.e.m.c.i.embedder.EclipseLogger - Using 'UTF-8' encoding to copy filtered resources.
2017-06-27 17:34:48,924 [Worker-27] INFO  o.e.m.c.i.embedder.EclipseLogger - skip non existing resourceDirectory D:\project\javaweb-study\workspace-task\bugCatcher-master\src\test\resources
2017-06-27 17:35:15,302 [Worker-24] INFO  o.e.m.w.i.f.ResourceFilteringBuildParticipant - Cleaning filtered folder for bugCatcher-master
2017-06-27 17:35:15,907 [Worker-24] INFO  o.e.m.c.i.embedder.EclipseLogger - Using 'UTF-8' encoding to copy filtered resources.
2017-06-27 17:35:15,908 [Worker-24] INFO  o.e.m.c.i.embedder.EclipseLogger - Copying 13 resources
2017-06-27 17:35:15,924 [Worker-24] INFO  o.e.m.c.i.embedder.EclipseLogger - Using 'UTF-8' encoding to copy filtered resources.
2017-06-27 17:35:15,925 [Worker-24] INFO  o.e.m.c.i.embedder.EclipseLogger - skip non existing resourceDirectory D:\project\javaweb-study\workspace-task\bugCatcher-master\src\test\resources
2017-06-27 17:35:15,925 [Worker-24] INFO  o.e.m.w.i.f.ResourceFilteringBuildParticipant - Changed resources require a complete clean of filtered resources of bugCatcher-master
2017-06-27 17:35:15,926 [Worker-24] INFO  o.e.m.w.i.f.ResourceFilteringBuildParticipant - Executing resource filtering for bugCatcher-master
2017-06-27 17:35:15,943 [Worker-24] INFO  o.e.m.c.i.embedder.EclipseLogger - Using 'UTF-8' encoding to copy filtered resources.
2017-06-27 17:37:35,759 [Worker-24] INFO  o.e.m.c.i.embedder.EclipseLogger - Using 'UTF-8' encoding to copy filtered resources.
2017-06-27 17:37:35,760 [Worker-24] INFO  o.e.m.c.i.embedder.EclipseLogger - Copying 0 resource
2017-06-27 17:37:35,761 [Worker-24] INFO  o.e.m.c.i.embedder.EclipseLogger - Using 'UTF-8' encoding to copy filtered resources.
2017-06-27 17:37:35,762 [Worker-24] INFO  o.e.m.c.i.embedder.EclipseLogger - skip non existing resourceDirectory D:\project\javaweb-study\workspace-task\bugCatcher-master\src\test\resources
2017-06-27 17:37:50,766 [Worker-29] INFO  o.e.m.c.i.embedder.EclipseLogger - Using 'UTF-8' encoding to copy filtered resources.
2017-06-27 17:37:50,767 [Worker-29] INFO  o.e.m.c.i.embedder.EclipseLogger - Copying 0 resource
2017-06-27 17:37:50,768 [Worker-29] INFO  o.e.m.c.i.embedder.EclipseLogger - Using 'UTF-8' encoding to copy filtered resources.
2017-06-27 17:37:50,769 [Worker-29] INFO  o.e.m.c.i.embedder.EclipseLogger - skip non existing resourceDirectory D:\project\javaweb-study\workspace-task\bugCatcher-master\src\test\resources
2017-06-27 17:38:02,423 [Worker-25] INFO  o.e.m.c.i.embedder.EclipseLogger - Using 'UTF-8' encoding to copy filtered resources.
2017-06-27 17:38:02,423 [Worker-25] INFO  o.e.m.c.i.embedder.EclipseLogger - Copying 0 resource
2017-06-27 17:38:02,425 [Worker-25] INFO  o.e.m.c.i.embedder.EclipseLogger - Using 'UTF-8' encoding to copy filtered resources.
2017-06-27 17:38:02,425 [Worker-25] INFO  o.e.m.c.i.embedder.EclipseLogger - skip non existing resourceDirectory D:\project\javaweb-study\workspace-task\bugCatcher-master\src\test\resources
2017-06-27 17:38:18,284 [Worker-24] INFO  o.e.m.c.i.embedder.EclipseLogger - Using 'UTF-8' encoding to copy filtered resources.
2017-06-27 17:38:18,284 [Worker-24] INFO  o.e.m.c.i.embedder.EclipseLogger - Copying 0 resource
2017-06-27 17:38:18,289 [Worker-24] INFO  o.e.m.c.i.embedder.EclipseLogger - Using 'UTF-8' encoding to copy filtered resources.
2017-06-27 17:38:18,289 [Worker-24] INFO  o.e.m.c.i.embedder.EclipseLogger - skip non existing resourceDirectory D:\project\javaweb-study\workspace-task\bugCatcher-master\src\test\resources
2017-06-27 17:44:14,128 [Worker-6] INFO  o.e.m.c.i.l.LifecycleMappingFactory - Using org.maven.ide.eclipse.wtp.WarLifecycleMapping lifecycle mapping for MavenProject: com.youzan:pfcase:1.0-SNAPSHOT @ D:\project\javaweb-study\workspace-task\bugCatcher-master\pom.xml.
2017-06-27 17:44:15,190 [Worker-6] INFO  o.e.m.c.i.embedder.EclipseLogger - Using 'UTF-8' encoding to copy filtered resources.
2017-06-27 17:44:15,192 [Worker-6] INFO  o.e.m.c.i.embedder.EclipseLogger - Copying 0 resource
2017-06-27 17:44:15,195 [Worker-6] INFO  o.e.m.c.i.embedder.EclipseLogger - Using 'UTF-8' encoding to copy filtered resources.
2017-06-27 17:44:15,196 [Worker-6] INFO  o.e.m.c.i.embedder.EclipseLogger - skip non existing resourceDirectory D:\project\javaweb-study\workspace-task\bugCatcher-master\src\test\resources
2017-06-27 17:44:15,196 [Worker-6] INFO  o.e.m.w.i.f.ResourceFilteringBuildParticipant - Changed resources require a complete clean of filtered resources of bugCatcher-master
2017-06-27 17:44:15,196 [Worker-6] INFO  o.e.m.w.i.f.ResourceFilteringBuildParticipant - Executing resource filtering for bugCatcher-master
2017-06-27 17:44:15,201 [Worker-6] INFO  o.e.m.c.i.embedder.EclipseLogger - Using 'UTF-8' encoding to copy filtered resources.
2017-06-27 17:44:24,291 [Worker-31] INFO  o.e.m.c.i.l.LifecycleMappingFactory - Using org.maven.ide.eclipse.wtp.WarLifecycleMapping lifecycle mapping for MavenProject: com.youzan:pfcase:1.0-SNAPSHOT @ D:\project\javaweb-study\workspace-task\bugCatcher-master\pom.xml.
2017-06-27 17:44:29,276 [Worker-30] INFO  o.e.m.c.i.e.AbstractTransferListenerAdapter - Downloaded https://repo.maven.apache.org/maven2/javax/servlet/jsp-api/${jsp-api.version}/jsp-api-${jsp-api.version}.pom
2017-06-27 17:44:29,279 [Worker-30] WARN  o.e.m.c.i.embedder.EclipseLogger - The POM for javax.servlet:jsp-api:jar:${jsp-api.version} is missing, no dependency information available
2017-06-27 17:44:29,860 [Worker-31] INFO  o.e.m.c.i.e.AbstractTransferListenerAdapter - Downloaded https://repo.maven.apache.org/maven2/javax/servlet/jsp-api/${jsp-api.version}/jsp-api-${jsp-api.version}.pom
2017-06-27 17:44:29,862 [Worker-31] WARN  o.e.m.c.i.embedder.EclipseLogger - The POM for javax.servlet:jsp-api:jar:${jsp-api.version} is missing, no dependency information available
2017-06-27 17:44:30,445 [Worker-30] INFO  o.e.m.c.i.e.AbstractTransferListenerAdapter - Downloaded https://repo.maven.apache.org/maven2/javax/servlet/jsp-api/${jsp-api.version}/jsp-api-${jsp-api.version}.jar
2017-06-27 17:44:31,016 [Worker-31] INFO  o.e.m.c.i.e.AbstractTransferListenerAdapter - Downloaded https://repo.maven.apache.org/maven2/javax/servlet/jsp-api/${jsp-api.version}/jsp-api-${jsp-api.version}.jar
2017-06-27 17:44:31,046 [Worker-31] WARN  o.e.m.c.i.embedder.EclipseLogger - The POM for javax.servlet:jsp-api:jar:${jsp-api.version} is missing, no dependency information available
2017-06-27 17:44:31,714 [Worker-31] INFO  o.e.m.c.i.embedder.EclipseLogger - Using 'UTF-8' encoding to copy filtered resources.
2017-06-27 17:44:31,716 [Worker-31] INFO  o.e.m.c.i.embedder.EclipseLogger - Copying 0 resource
2017-06-27 17:44:31,718 [Worker-31] INFO  o.e.m.c.i.embedder.EclipseLogger - Using 'UTF-8' encoding to copy filtered resources.
2017-06-27 17:44:31,718 [Worker-31] INFO  o.e.m.c.i.embedder.EclipseLogger - skip non existing resourceDirectory D:\project\javaweb-study\workspace-task\bugCatcher-master\src\test\resources
2017-06-27 17:44:31,719 [Worker-31] INFO  o.e.m.w.i.f.ResourceFilteringBuildParticipant - Changed resources require a complete clean of filtered resources of bugCatcher-master
2017-06-27 17:44:31,719 [Worker-31] INFO  o.e.m.w.i.f.ResourceFilteringBuildParticipant - Executing resource filtering for bugCatcher-master
2017-06-27 17:44:31,724 [Worker-31] INFO  o.e.m.c.i.embedder.EclipseLogger - Using 'UTF-8' encoding to copy filtered resources.
2017-06-27 17:44:32,705 [Worker-33] WARN  o.e.m.c.i.embedder.EclipseLogger - The POM for javax.servlet:jsp-api:jar:${jsp-api.version} is missing, no dependency information available
2017-06-27 17:44:33,221 [Worker-30] INFO  o.e.m.c.i.l.LifecycleMappingFactory - Using org.maven.ide.eclipse.wtp.WarLifecycleMapping lifecycle mapping for MavenProject: com.youzan:pfcase:1.0-SNAPSHOT @ D:\project\javaweb-study\workspace-task\bugCatcher-master\pom.xml.
2017-06-27 17:44:33,238 [Worker-30] WARN  o.e.m.c.i.embedder.EclipseLogger - The POM for javax.servlet:jsp-api:jar:${jsp-api.version} is missing, no dependency information available
2017-06-27 17:44:33,378 [Worker-30] WARN  o.e.m.c.i.embedder.EclipseLogger - The POM for javax.servlet:jsp-api:jar:${jsp-api.version} is missing, no dependency information available
2017-06-27 17:44:34,465 [Worker-30] INFO  o.e.m.c.i.embedder.EclipseLogger - Using 'UTF-8' encoding to copy filtered resources.
2017-06-27 17:44:34,467 [Worker-30] INFO  o.e.m.c.i.embedder.EclipseLogger - Copying 0 resource
2017-06-27 17:44:34,470 [Worker-30] INFO  o.e.m.c.i.embedder.EclipseLogger - Using 'UTF-8' encoding to copy filtered resources.
2017-06-27 17:44:34,470 [Worker-30] INFO  o.e.m.c.i.embedder.EclipseLogger - skip non existing resourceDirectory D:\project\javaweb-study\workspace-task\bugCatcher-master\src\test\resources
2017-06-27 17:44:34,471 [Worker-30] INFO  o.e.m.w.i.f.ResourceFilteringBuildParticipant - Changed resources require a complete clean of filtered resources of bugCatcher-master
2017-06-27 17:44:34,472 [Worker-30] INFO  o.e.m.w.i.f.ResourceFilteringBuildParticipant - Executing resource filtering for bugCatcher-master
2017-06-27 17:44:34,476 [Worker-30] INFO  o.e.m.c.i.embedder.EclipseLogger - Using 'UTF-8' encoding to copy filtered resources.
2017-06-27 17:45:18,046 [Worker-39] INFO  o.e.m.c.i.l.LifecycleMappingFactory - Using org.maven.ide.eclipse.wtp.WarLifecycleMapping lifecycle mapping for MavenProject: com.youzan:pfcase:1.0-SNAPSHOT @ D:\project\javaweb-study\workspace-task\bugCatcher-master\pom.xml.
2017-06-27 17:45:19,645 [Worker-39] INFO  o.e.m.c.i.e.AbstractTransferListenerAdapter - Downloading https://repo.maven.apache.org/maven2/javax/servlet/servlet-api/2.4/servlet-api-2.4.pom
2017-06-27 17:45:19,745 [Worker-43] INFO  o.e.m.c.i.e.AbstractTransferListenerAdapter - Downloading https://repo.maven.apache.org/maven2/javax/servlet/servlet-api/2.4/servlet-api-2.4.pom
2017-06-27 17:45:19,949 [Worker-39] INFO  o.e.m.c.i.e.AbstractTransferListenerAdapter - Downloaded https://repo.maven.apache.org/maven2/javax/servlet/servlet-api/2.4/servlet-api-2.4.pom
2017-06-27 17:45:20,088 [Worker-43] INFO  o.e.m.c.i.e.AbstractTransferListenerAdapter - Downloaded https://repo.maven.apache.org/maven2/javax/servlet/servlet-api/2.4/servlet-api-2.4.pom
2017-06-27 17:45:20,937 [Worker-39] INFO  o.e.m.c.i.embedder.EclipseLogger - Using 'UTF-8' encoding to copy filtered resources.
2017-06-27 17:45:20,939 [Worker-39] INFO  o.e.m.c.i.embedder.EclipseLogger - Copying 0 resource
2017-06-27 17:45:20,941 [Worker-39] INFO  o.e.m.c.i.embedder.EclipseLogger - Using 'UTF-8' encoding to copy filtered resources.
2017-06-27 17:45:20,942 [Worker-39] INFO  o.e.m.c.i.embedder.EclipseLogger - skip non existing resourceDirectory D:\project\javaweb-study\workspace-task\bugCatcher-master\src\test\resources
2017-06-27 17:45:20,942 [Worker-39] INFO  o.e.m.w.i.f.ResourceFilteringBuildParticipant - Changed resources require a complete clean of filtered resources of bugCatcher-master
2017-06-27 17:45:20,942 [Worker-39] INFO  o.e.m.w.i.f.ResourceFilteringBuildParticipant - Executing resource filtering for bugCatcher-master
2017-06-27 17:45:20,948 [Worker-39] INFO  o.e.m.c.i.embedder.EclipseLogger - Using 'UTF-8' encoding to copy filtered resources.
2017-06-27 17:45:21,856 [Worker-38] INFO  o.e.m.c.i.embedder.EclipseLogger - Using 'UTF-8' encoding to copy filtered resources.
2017-06-27 17:45:21,860 [Worker-38] INFO  o.e.m.c.i.embedder.EclipseLogger - Copying 13 resources
2017-06-27 17:45:21,938 [Worker-38] INFO  o.e.m.c.i.embedder.EclipseLogger - Using 'UTF-8' encoding to copy filtered resources.
2017-06-27 17:45:21,938 [Worker-38] INFO  o.e.m.c.i.embedder.EclipseLogger - skip non existing resourceDirectory D:\project\javaweb-study\workspace-task\bugCatcher-master\src\test\resources
2017-06-27 17:46:08,885 [main] INFO  o.e.m2e.actions.ExecutePomAction - Creating new launch configuration
2017-06-27 17:46:15,629 [Worker-30] INFO  o.e.m.i.launch.MavenLaunchDelegate - D:\project\javaweb-study\workspace-task\bugCatcher-master
2017-06-27 17:46:15,629 [Worker-30] INFO  o.e.m.i.launch.MavenLaunchDelegate -  mvn -B clean tomcat7:run
2017-06-27 17:49:16,442 [Worker-36] INFO  o.e.m.c.i.embedder.EclipseLogger - Using 'UTF-8' encoding to copy filtered resources.
2017-06-27 17:49:16,444 [Worker-36] INFO  o.e.m.c.i.embedder.EclipseLogger - Copying 0 resource
2017-06-27 17:49:16,445 [Worker-36] INFO  o.e.m.c.i.embedder.EclipseLogger - Using 'UTF-8' encoding to copy filtered resources.
2017-06-27 17:49:16,445 [Worker-36] INFO  o.e.m.c.i.embedder.EclipseLogger - skip non existing resourceDirectory D:\project\javaweb-study\workspace-task\bugCatcher-master\src\test\resources
2017-06-27 17:49:41,096 [Worker-44] INFO  o.e.m.c.i.embedder.EclipseLogger - Using 'UTF-8' encoding to copy filtered resources.
2017-06-27 17:49:41,097 [Worker-44] INFO  o.e.m.c.i.embedder.EclipseLogger - Copying 1 resource
2017-06-27 17:49:41,100 [Worker-44] INFO  o.e.m.c.i.embedder.EclipseLogger - Using 'UTF-8' encoding to copy filtered resources.
2017-06-27 17:49:41,100 [Worker-44] INFO  o.e.m.c.i.embedder.EclipseLogger - skip non existing resourceDirectory D:\project\javaweb-study\workspace-task\bugCatcher-master\src\test\resources
2017-06-27 17:50:25,093 [Worker-38] INFO  o.e.m.c.i.embedder.EclipseLogger - Using 'UTF-8' encoding to copy filtered resources.
2017-06-27 17:50:25,094 [Worker-38] INFO  o.e.m.c.i.embedder.EclipseLogger - Copying 1 resource
2017-06-27 17:50:25,096 [Worker-38] INFO  o.e.m.c.i.embedder.EclipseLogger - Using 'UTF-8' encoding to copy filtered resources.
2017-06-27 17:50:25,097 [Worker-38] INFO  o.e.m.c.i.embedder.EclipseLogger - skip non existing resourceDirectory D:\project\javaweb-study\workspace-task\bugCatcher-master\src\test\resources
2017-06-27 17:51:06,690 [Worker-41] INFO  o.e.m.i.launch.MavenLaunchDelegate - D:\project\javaweb-study\workspace-task\bugCatcher-master
2017-06-27 17:51:06,690 [Worker-41] INFO  o.e.m.i.launch.MavenLaunchDelegate -  mvn -B clean tomcat7:run
2017-06-27 17:52:52,561 [Worker-45] INFO  o.e.m.i.launch.MavenLaunchDelegate - D:\project\javaweb-study\workspace-task\bugCatcher-master
2017-06-27 17:52:52,562 [Worker-45] INFO  o.e.m.i.launch.MavenLaunchDelegate -  mvn -B clean tomcat7:run
2017-06-27 17:54:09,737 [Worker-44] INFO  o.e.m.c.i.embedder.EclipseLogger - Using 'UTF-8' encoding to copy filtered resources.
2017-06-27 17:54:09,738 [Worker-44] INFO  o.e.m.c.i.embedder.EclipseLogger - Copying 1 resource
2017-06-27 17:54:09,740 [Worker-44] INFO  o.e.m.c.i.embedder.EclipseLogger - Using 'UTF-8' encoding to copy filtered resources.
2017-06-27 17:54:09,740 [Worker-44] INFO  o.e.m.c.i.embedder.EclipseLogger - skip non existing resourceDirectory D:\project\javaweb-study\workspace-task\bugCatcher-master\src\test\resources
2017-06-27 17:54:15,908 [Worker-34] INFO  o.e.m.i.launch.MavenLaunchDelegate - D:\project\javaweb-study\workspace-task\bugCatcher-master
2017-06-27 17:54:15,908 [Worker-34] INFO  o.e.m.i.launch.MavenLaunchDelegate -  mvn -B clean tomcat7:run
2017-06-27 17:56:45,633 [Worker-45] INFO  o.e.m.c.i.embedder.EclipseLogger - Using 'UTF-8' encoding to copy filtered resources.
2017-06-27 17:56:45,633 [Worker-45] INFO  o.e.m.c.i.embedder.EclipseLogger - Copying 1 resource
2017-06-27 17:56:45,635 [Worker-45] INFO  o.e.m.c.i.embedder.EclipseLogger - Using 'UTF-8' encoding to copy filtered resources.
2017-06-27 17:56:45,636 [Worker-45] INFO  o.e.m.c.i.embedder.EclipseLogger - skip non existing resourceDirectory D:\project\javaweb-study\workspace-task\bugCatcher-master\src\test\resources
2017-06-27 17:56:51,285 [Worker-45] INFO  o.e.m.i.launch.MavenLaunchDelegate - D:\project\javaweb-study\workspace-task\bugCatcher-master
2017-06-27 17:56:51,285 [Worker-45] INFO  o.e.m.i.launch.MavenLaunchDelegate -  mvn -B clean tomcat7:run
2017-06-27 19:00:11,491 [Worker-64] INFO  o.e.m.c.i.embedder.EclipseLogger - Using 'UTF-8' encoding to copy filtered resources.
2017-06-27 19:00:11,493 [Worker-64] INFO  o.e.m.c.i.embedder.EclipseLogger - Copying 1 resource
2017-06-27 19:00:11,495 [Worker-64] INFO  o.e.m.c.i.embedder.EclipseLogger - Using 'UTF-8' encoding to copy filtered resources.
2017-06-27 19:00:11,496 [Worker-64] INFO  o.e.m.c.i.embedder.EclipseLogger - skip non existing resourceDirectory D:\project\javaweb-study\workspace-task\bugCatcher-master\src\test\resources
2017-06-27 19:00:31,659 [Worker-64] INFO  o.e.m.i.launch.MavenLaunchDelegate - D:\project\javaweb-study\workspace-task\bugCatcher-master
2017-06-27 19:00:31,659 [Worker-64] INFO  o.e.m.i.launch.MavenLaunchDelegate -  mvn -B clean tomcat7:run
2017-06-27 19:09:34,664 [Worker-65] INFO  o.e.m.c.i.embedder.EclipseLogger - Using 'UTF-8' encoding to copy filtered resources.
2017-06-27 19:09:34,665 [Worker-65] INFO  o.e.m.c.i.embedder.EclipseLogger - Copying 0 resource
2017-06-27 19:09:34,666 [Worker-65] INFO  o.e.m.c.i.embedder.EclipseLogger - Using 'UTF-8' encoding to copy filtered resources.
2017-06-27 19:09:34,666 [Worker-65] INFO  o.e.m.c.i.embedder.EclipseLogger - skip non existing resourceDirectory D:\project\javaweb-study\workspace-task\bugCatcher-master\src\test\resources
